[0.012s] Invoking command in '/home/wu/prac_ws/build/example_cpp': CMAKE_PREFIX_PATH=/opt/ros/humble /usr/bin/cmake --build /home/wu/prac_ws/build/example_cpp -- -j16 -l16
[0.051s] -- Found ament_cmake: 1.3.8 (/opt/ros/humble/share/ament_cmake/cmake)
[0.139s] -- Found rclcpp: 16.0.8 (/opt/ros/humble/share/rclcpp/cmake)
[0.160s] -- Found rosidl_generator_c: 3.1.5 (/opt/ros/humble/share/rosidl_generator_c/cmake)
[0.162s] -- Found rosidl_adapter: 3.1.5 (/opt/ros/humble/share/rosidl_adapter/cmake)
[0.166s] -- Found rosidl_generator_cpp: 3.1.5 (/opt/ros/humble/share/rosidl_generator_cpp/cmake)
[0.174s] -- Using all available rosidl_typesupport_c: rosidl_typesupport_fastrtps_c;rosidl_typesupport_introspection_c
[0.184s] -- Using all available rosidl_typesupport_cpp: rosidl_typesupport_fastrtps_cpp;rosidl_typesupport_introspection_cpp
[0.223s] -- Found rmw_implementation_cmake: 6.1.1 (/opt/ros/humble/share/rmw_implementation_cmake/cmake)
[0.225s] -- Found rmw_fastrtps_cpp: 6.2.6 (/opt/ros/humble/share/rmw_fastrtps_cpp/cmake)
[0.308s] -- Using RMW implementation 'rmw_fastrtps_cpp' as default
[0.402s] -- Found ament_lint_auto: 0.12.10 (/opt/ros/humble/share/ament_lint_auto/cmake)
[0.457s] -- Added test 'cppcheck' to perform static code analysis on C / C++ code
[0.457s] -- Configured cppcheck include dirs: 
[0.457s] -- Configured cppcheck exclude dirs and/or files: 
[0.457s] -- Added test 'lint_cmake' to check CMake code style
[0.458s] -- Added test 'uncrustify' to check C / C++ code style
[0.458s] -- Configured uncrustify additional arguments: 
[0.458s] -- Added test 'xmllint' to check XML markup files
[0.460s] [31mCMake Error at CMakeLists.txt:35 (install):
[0.460s]   install does not recognize sub-command TARGET
[0.460s] 
[0.460s] [0m
[0.460s] -- Configuring incomplete, errors occurred!
[0.460s] See also "/home/wu/prac_ws/build/example_cpp/CMakeFiles/CMakeOutput.log".
[0.467s] gmake: *** [Makefile:267: cmake_check_build_system] Error 1
[0.470s] Invoked command in '/home/wu/prac_ws/build/example_cpp' returned '2': CMAKE_PREFIX_PATH=/opt/ros/humble /usr/bin/cmake --build /home/wu/prac_ws/build/example_cpp -- -j16 -l16
