[0.009s] Invoking command in '/home/wu/prac_ws/build/example_cpp': CMAKE_PREFIX_PATH=/opt/ros/humble /usr/bin/cmake --build /home/wu/prac_ws/build/example_cpp -- -j16 -l16
[0.059s] [35m[1mConsolidate compiler generated dependencies of target topic_subscribe_01[0m
[0.070s] [ 75%] Built target topic_publisher_01
[0.070s] [ 75%] Built target node_01
[0.070s] [ 75%] Built target node_03
[0.074s] [ 87%] [32mBuilding CXX object CMakeFiles/topic_subscribe_01.dir/src/topic_subscribe_01.cpp.o[0m
[5.798s] [100%] [32m[1mLinking CXX executable topic_subscribe_01[0m
[6.043s] [100%] Built target topic_subscribe_01
[6.054s] Invoked command in '/home/wu/prac_ws/build/example_cpp' returned '0': CMAKE_PREFIX_PATH=/opt/ros/humble /usr/bin/cmake --build /home/wu/prac_ws/build/example_cpp -- -j16 -l16
[6.102s] Invoking command in '/home/wu/prac_ws/build/example_cpp': CMAKE_PREFIX_PATH=/opt/ros/humble /usr/bin/cmake --install /home/wu/prac_ws/build/example_cpp
[6.107s] -- Install configuration: ""
[6.107s] -- Up-to-date: /home/wu/prac_ws/install/example_cpp/share/ament_index/resource_index/package_run_dependencies/example_cpp
[6.107s] -- Up-to-date: /home/wu/prac_ws/install/example_cpp/share/ament_index/resource_index/parent_prefix_path/example_cpp
[6.107s] -- Up-to-date: /home/wu/prac_ws/install/example_cpp/share/example_cpp/environment/ament_prefix_path.sh
[6.107s] -- Installing: /home/wu/prac_ws/install/example_cpp/share/example_cpp/environment/ament_prefix_path.dsv
[6.108s] -- Up-to-date: /home/wu/prac_ws/install/example_cpp/share/example_cpp/environment/path.sh
[6.108s] -- Installing: /home/wu/prac_ws/install/example_cpp/share/example_cpp/environment/path.dsv
[6.108s] -- Up-to-date: /home/wu/prac_ws/install/example_cpp/share/example_cpp/local_setup.bash
[6.108s] -- Up-to-date: /home/wu/prac_ws/install/example_cpp/share/example_cpp/local_setup.sh
[6.108s] -- Up-to-date: /home/wu/prac_ws/install/example_cpp/share/example_cpp/local_setup.zsh
[6.108s] -- Installing: /home/wu/prac_ws/install/example_cpp/share/example_cpp/local_setup.dsv
[6.108s] -- Installing: /home/wu/prac_ws/install/example_cpp/share/example_cpp/package.dsv
[6.108s] -- Up-to-date: /home/wu/prac_ws/install/example_cpp/share/ament_index/resource_index/packages/example_cpp
[6.108s] -- Up-to-date: /home/wu/prac_ws/install/example_cpp/share/example_cpp/cmake/example_cppConfig.cmake
[6.108s] -- Up-to-date: /home/wu/prac_ws/install/example_cpp/share/example_cpp/cmake/example_cppConfig-version.cmake
[6.108s] -- Up-to-date: /home/wu/prac_ws/install/example_cpp/share/example_cpp/package.xml
[6.109s] -- Up-to-date: /home/wu/prac_ws/install/example_cpp/lib/example_cpp/node_01
[6.110s] -- Up-to-date: /home/wu/prac_ws/install/example_cpp/lib/example_cpp/node_03
[6.111s] -- Up-to-date: /home/wu/prac_ws/install/example_cpp/lib/example_cpp/topic_publisher_01
[6.111s] -- Installing: /home/wu/prac_ws/install/example_cpp/lib/example_cpp/topic_subscribe_01
[6.115s] -- Set runtime path of "/home/wu/prac_ws/install/example_cpp/lib/example_cpp/topic_subscribe_01" to ""
[6.117s] Invoked command in '/home/wu/prac_ws/build/example_cpp' returned '0': CMAKE_PREFIX_PATH=/opt/ros/humble /usr/bin/cmake --install /home/wu/prac_ws/build/example_cpp
