[0.009s] Invoking command in '/home/wu/prac_ws/build/example_cpp': CMAKE_PREFIX_PATH=/opt/ros/humble /usr/bin/cmake --build /home/wu/prac_ws/build/example_cpp -- -j16 -l16
[0.034s] -- Found ament_cmake: 1.3.8 (/opt/ros/humble/share/ament_cmake/cmake)
[0.108s] -- Found rclcpp: 16.0.8 (/opt/ros/humble/share/rclcpp/cmake)
[0.128s] -- Found rosidl_generator_c: 3.1.5 (/opt/ros/humble/share/rosidl_generator_c/cmake)
[0.129s] -- Found rosidl_adapter: 3.1.5 (/opt/ros/humble/share/rosidl_adapter/cmake)
[0.132s] -- Found rosidl_generator_cpp: 3.1.5 (/opt/ros/humble/share/rosidl_generator_cpp/cmake)
[0.138s] -- Using all available rosidl_typesupport_c: rosidl_typesupport_fastrtps_c;rosidl_typesupport_introspection_c
[0.147s] -- Using all available rosidl_typesupport_cpp: rosidl_typesupport_fastrtps_cpp;rosidl_typesupport_introspection_cpp
[0.178s] -- Found rmw_implementation_cmake: 6.1.1 (/opt/ros/humble/share/rmw_implementation_cmake/cmake)
[0.178s] -- Found rmw_fastrtps_cpp: 6.2.6 (/opt/ros/humble/share/rmw_fastrtps_cpp/cmake)
[0.261s] -- Using RMW implementation 'rmw_fastrtps_cpp' as default
[0.347s] -- Found ament_lint_auto: 0.12.10 (/opt/ros/humble/share/ament_lint_auto/cmake)
[0.390s] -- Added test 'cppcheck' to perform static code analysis on C / C++ code
[0.390s] -- Configured cppcheck include dirs: 
[0.390s] -- Configured cppcheck exclude dirs and/or files: 
[0.390s] -- Added test 'lint_cmake' to check CMake code style
[0.391s] -- Added test 'uncrustify' to check C / C++ code style
[0.391s] -- Configured uncrustify additional arguments: 
[0.391s] -- Added test 'xmllint' to check XML markup files
[0.392s] -- Configuring done
[0.401s] -- Generating done
[0.402s] -- Build files have been written to: /home/wu/prac_ws/build/example_cpp
[0.433s] [35m[1mConsolidate compiler generated dependencies of target node_01[0m
[0.442s] [ 25%] [32mBuilding CXX object CMakeFiles/node_03.dir/src/node_03.cpp.o[0m
[0.450s] [ 75%] Built target node_01
[1.955s] [01m[K/home/wu/prac_ws/src/example_cpp/src/node_03.cpp:[m[K In function ‘[01m[Kint main(int, char**)[m[K’:
[1.955s] [01m[K/home/wu/prac_ws/src/example_cpp/src/node_03.cpp:19:17:[m[K [01;31m[Kerror: [m[Kno matching function for call to ‘[01m[Kspin(std::__shared_ptr<Node03, __gnu_cxx::_S_atomic>&)[m[K’
[1.955s]    19 |     [01;31m[Krclcpp::spin(node)[m[K;
[1.956s]       |     [01;31m[K~~~~~~~~~~~~^~~~~~[m[K
[1.956s] In file included from [01m[K/opt/ros/humble/include/rclcpp/rclcpp/rclcpp.hpp:155[m[K,
[1.956s]                  from [01m[K/home/wu/prac_ws/src/example_cpp/src/node_03.cpp:1[m[K:
[1.956s] [01m[K/opt/ros/humble/include/rclcpp/rclcpp/executors.hpp:45:1:[m[K [01;36m[Knote: [m[Kcandidate: ‘[01m[Kvoid rclcpp::spin(rclcpp::node_interfaces::NodeBaseInterface::SharedPtr)[m[K’
[1.956s]    45 | [01;36m[Kspin[m[K(rclcpp::node_interfaces::NodeBaseInterface::SharedPtr node_ptr);
[1.956s]       | [01;36m[K^~~~[m[K
[1.956s] [01m[K/opt/ros/humble/include/rclcpp/rclcpp/executors.hpp:45:60:[m[K [01;36m[Knote: [m[K  no known conversion for argument 1 from ‘[01m[Kstd::__shared_ptr<Node03, __gnu_cxx::_S_atomic>[m[K’ to ‘[01m[Krclcpp::node_interfaces::NodeBaseInterface::SharedPtr[m[K’ {aka ‘[01m[Kstd::shared_ptr<rclcpp::node_interfaces::NodeBaseInterface>[m[K’}
[1.956s]    45 | spin([01;36m[Krclcpp::node_interfaces::NodeBaseInterface::SharedPtr node_ptr[m[K);
[1.956s]       |      [01;36m[K~~~~~~~~~~~~~~~~~~~~~~~~~~~~~~~~~~~~~~~~~~~~~~~~~~~~~~^~~~~~~~[m[K
[1.956s] [01m[K/opt/ros/humble/include/rclcpp/rclcpp/executors.hpp:49:1:[m[K [01;36m[Knote: [m[Kcandidate: ‘[01m[Kvoid rclcpp::spin(rclcpp::Node::SharedPtr)[m[K’
[1.956s]    49 | [01;36m[Kspin[m[K(rclcpp::Node::SharedPtr node_ptr);
[1.956s]       | [01;36m[K^~~~[m[K
[1.956s] [01m[K/opt/ros/humble/include/rclcpp/rclcpp/executors.hpp:49:30:[m[K [01;36m[Knote: [m[K  no known conversion for argument 1 from ‘[01m[Kstd::__shared_ptr<Node03, __gnu_cxx::_S_atomic>[m[K’ to ‘[01m[Krclcpp::Node::SharedPtr[m[K’ {aka ‘[01m[Kstd::shared_ptr<rclcpp::Node>[m[K’}
[1.957s]    49 | spin([01;36m[Krclcpp::Node::SharedPtr node_ptr[m[K);
[1.957s]       |      [01;36m[K~~~~~~~~~~~~~~~~~~~~~~~~^~~~~~~~[m[K
[2.253s] gmake[2]: *** [CMakeFiles/node_03.dir/build.make:76: CMakeFiles/node_03.dir/src/node_03.cpp.o] Error 1
[2.253s] gmake[1]: *** [CMakeFiles/Makefile2:165: CMakeFiles/node_03.dir/all] Error 2
[2.254s] gmake: *** [Makefile:146: all] Error 2
[2.256s] Invoked command in '/home/wu/prac_ws/build/example_cpp' returned '2': CMAKE_PREFIX_PATH=/opt/ros/humble /usr/bin/cmake --build /home/wu/prac_ws/build/example_cpp -- -j16 -l16
