[0.386s] Invoking command in '/home/wu/prac_ws/src/example_py': PYTHONPATH=/home/wu/prac_ws/build/example_py/prefix_override:/home/wu/prac_ws/install/example_py/lib/python3.10/site-packages:${PYTHONPATH} /usr/bin/python3 -W ignore:setup.py install is deprecated setup.py egg_info --egg-base ../../build/example_py build --build-base /home/wu/prac_ws/build/example_py/build install --record /home/wu/prac_ws/build/example_py/install.log --single-version-externally-managed install_data
[0.520s] running egg_info
[0.520s] writing ../../build/example_py/example_py.egg-info/PKG-INFO
[0.520s] writing dependency_links to ../../build/example_py/example_py.egg-info/dependency_links.txt
[0.520s] writing entry points to ../../build/example_py/example_py.egg-info/entry_points.txt
[0.521s] writing requirements to ../../build/example_py/example_py.egg-info/requires.txt
[0.521s] writing top-level names to ../../build/example_py/example_py.egg-info/top_level.txt
[0.522s] reading manifest file '../../build/example_py/example_py.egg-info/SOURCES.txt'
[0.526s] writing manifest file '../../build/example_py/example_py.egg-info/SOURCES.txt'
[0.526s] running build
[0.526s] running build_py
[0.527s] copying example_py/node_04.py -> /home/wu/prac_ws/build/example_py/build/lib/example_py
[0.527s] running install
[0.527s] running install_lib
[0.527s] copying /home/wu/prac_ws/build/example_py/build/lib/example_py/node_04.py -> /home/wu/prac_ws/install/example_py/lib/python3.10/site-packages/example_py
[0.528s] byte-compiling /home/wu/prac_ws/install/example_py/lib/python3.10/site-packages/example_py/node_04.py to node_04.cpython-310.pyc
[0.528s] running install_data
[0.528s] running install_egg_info
[0.529s] removing '/home/wu/prac_ws/install/example_py/lib/python3.10/site-packages/example_py-0.0.0-py3.10.egg-info' (and everything under it)
[0.529s] Copying ../../build/example_py/example_py.egg-info to /home/wu/prac_ws/install/example_py/lib/python3.10/site-packages/example_py-0.0.0-py3.10.egg-info
[0.530s] running install_scripts
[0.544s] Installing node_02 script to /home/wu/prac_ws/install/example_py/lib/example_py
[0.544s] Installing node_04 script to /home/wu/prac_ws/install/example_py/lib/example_py
[0.544s] writing list of installed files to '/home/wu/prac_ws/build/example_py/install.log'
[0.571s] Invoked command in '/home/wu/prac_ws/src/example_py' returned '0': PYTHONPATH=/home/wu/prac_ws/build/example_py/prefix_override:/home/wu/prac_ws/install/example_py/lib/python3.10/site-packages:${PYTHONPATH} /usr/bin/python3 -W ignore:setup.py install is deprecated setup.py egg_info --egg-base ../../build/example_py build --build-base /home/wu/prac_ws/build/example_py/build install --record /home/wu/prac_ws/build/example_py/install.log --single-version-externally-managed install_data
