[0.010s] Invoking command in '/home/wu/prac_ws/build/example_cpp': CMAKE_PREFIX_PATH=/opt/ros/humble /usr/bin/cmake --build /home/wu/prac_ws/build/example_cpp -- -j16 -l16
[0.051s] [35m[1mConsolidate compiler generated dependencies of target node_03[0m
[0.064s] [ 50%] Built target node_01
[0.068s] [ 75%] [32mBuilding CXX object CMakeFiles/node_03.dir/src/node_03.cpp.o[0m
[2.115s] [100%] [32m[1mLinking CXX executable node_03[0m
[2.212s] [100%] Built target node_03
[2.224s] Invoked command in '/home/wu/prac_ws/build/example_cpp' returned '0': CMAKE_PREFIX_PATH=/opt/ros/humble /usr/bin/cmake --build /home/wu/prac_ws/build/example_cpp -- -j16 -l16
[2.259s] Invoking command in '/home/wu/prac_ws/build/example_cpp': CMAKE_PREFIX_PATH=/opt/ros/humble /usr/bin/cmake --install /home/wu/prac_ws/build/example_cpp
[2.265s] -- Install configuration: ""
[2.265s] -- Up-to-date: /home/wu/prac_ws/install/example_cpp/share/ament_index/resource_index/package_run_dependencies/example_cpp
[2.265s] -- Up-to-date: /home/wu/prac_ws/install/example_cpp/share/ament_index/resource_index/parent_prefix_path/example_cpp
[2.265s] -- Up-to-date: /home/wu/prac_ws/install/example_cpp/share/example_cpp/environment/ament_prefix_path.sh
[2.265s] -- Installing: /home/wu/prac_ws/install/example_cpp/share/example_cpp/environment/ament_prefix_path.dsv
[2.265s] -- Up-to-date: /home/wu/prac_ws/install/example_cpp/share/example_cpp/environment/path.sh
[2.265s] -- Installing: /home/wu/prac_ws/install/example_cpp/share/example_cpp/environment/path.dsv
[2.265s] -- Up-to-date: /home/wu/prac_ws/install/example_cpp/share/example_cpp/local_setup.bash
[2.266s] -- Up-to-date: /home/wu/prac_ws/install/example_cpp/share/example_cpp/local_setup.sh
[2.266s] -- Up-to-date: /home/wu/prac_ws/install/example_cpp/share/example_cpp/local_setup.zsh
[2.266s] -- Installing: /home/wu/prac_ws/install/example_cpp/share/example_cpp/local_setup.dsv
[2.266s] -- Installing: /home/wu/prac_ws/install/example_cpp/share/example_cpp/package.dsv
[2.266s] -- Up-to-date: /home/wu/prac_ws/install/example_cpp/share/ament_index/resource_index/packages/example_cpp
[2.266s] -- Up-to-date: /home/wu/prac_ws/install/example_cpp/share/example_cpp/cmake/example_cppConfig.cmake
[2.266s] -- Up-to-date: /home/wu/prac_ws/install/example_cpp/share/example_cpp/cmake/example_cppConfig-version.cmake
[2.266s] -- Up-to-date: /home/wu/prac_ws/install/example_cpp/share/example_cpp/package.xml
[2.268s] -- Up-to-date: /home/wu/prac_ws/install/example_cpp/lib/example_cpp/node_01
[2.268s] -- Installing: /home/wu/prac_ws/install/example_cpp/lib/example_cpp/node_03
[2.268s] -- Set runtime path of "/home/wu/prac_ws/install/example_cpp/lib/example_cpp/node_03" to ""
[2.270s] Invoked command in '/home/wu/prac_ws/build/example_cpp' returned '0': CMAKE_PREFIX_PATH=/opt/ros/humble /usr/bin/cmake --install /home/wu/prac_ws/build/example_cpp
