[0.060s] DEBUG:colcon:Command line arguments: ['/usr/bin/colcon', 'build']
[0.060s] DEBUG:colcon:Parsed command line arguments: Namespace(log_base=None, log_level=None, verb_name='build', build_base='build', install_base='install', merge_install=False, symlink_install=False, test_result_base=None, continue_on_error=False, executor='parallel', parallel_workers=16, event_handlers=None, ignore_user_meta=False, metas=['./colcon.meta'], base_paths=['.'], packages_ignore=None, packages_ignore_regex=None, paths=None, packages_up_to=None, packages_up_to_regex=None, packages_above=None, packages_above_and_dependencies=None, packages_above_depth=None, packages_select_by_dep=None, packages_skip_by_dep=None, packages_skip_up_to=None, packages_select_build_failed=False, packages_skip_build_finished=False, packages_select_test_failures=False, packages_skip_test_passed=False, packages_select=None, packages_skip=None, packages_select_regex=None, packages_skip_regex=None, packages_start=None, packages_end=None, allow_overriding=[], cmake_args=None, cmake_target=None, cmake_target_skip_unavailable=False, cmake_clean_cache=False, cmake_clean_first=False, cmake_force_configure=False, ament_cmake_args=None, catkin_cmake_args=None, catkin_skip_building_tests=False, mixin_files=None, mixin=None, verb_parser=<colcon_mixin.mixin.mixin_argument.MixinArgumentDecorator object at 0x700cd7b29b10>, verb_extension=<colcon_core.verb.build.BuildVerb object at 0x700cd7b294e0>, main=<bound method BuildVerb.main of <colcon_core.verb.build.BuildVerb object at 0x700cd7b294e0>>, mixin_verb=('build',))
[0.143s] Level 1:colcon.colcon_core.package_discovery:discover_packages(colcon_meta) check parameters
[0.143s] Level 1:colcon.colcon_core.package_discovery:discover_packages(recursive) check parameters
[0.143s] Level 1:colcon.colcon_core.package_discovery:discover_packages(ignore) check parameters
[0.143s] Level 1:colcon.colcon_core.package_discovery:discover_packages(path) check parameters
[0.143s] Level 1:colcon.colcon_core.package_discovery:discover_packages(colcon_meta) discover
[0.143s] Level 1:colcon.colcon_core.package_discovery:discover_packages(recursive) discover
[0.143s] INFO:colcon.colcon_core.package_discovery:Crawling recursively for packages in '/home/wu/prac_ws'
[0.143s] Level 1:colcon.colcon_core.package_identification:_identify(.) by extensions ['ignore', 'ignore_ament_install']
[0.143s] Level 1:colcon.colcon_core.package_identification:_identify(.) by extension 'ignore'
[0.143s] Level 1:colcon.colcon_core.package_identification:_identify(.) by extension 'ignore_ament_install'
[0.143s] Level 1:colcon.colcon_core.package_identification:_identify(.) by extensions ['colcon_pkg']
[0.143s] Level 1:colcon.colcon_core.package_identification:_identify(.) by extension 'colcon_pkg'
[0.143s] Level 1:colcon.colcon_core.package_identification:_identify(.) by extensions ['colcon_meta']
[0.143s] Level 1:colcon.colcon_core.package_identification:_identify(.) by extension 'colcon_meta'
[0.143s] Level 1:colcon.colcon_core.package_identification:_identify(.) by extensions ['ros']
[0.143s] Level 1:colcon.colcon_core.package_identification:_identify(.) by extension 'ros'
[0.149s] Level 1:colcon.colcon_core.package_identification:_identify(.) by extensions ['cmake', 'python']
[0.149s] Level 1:colcon.colcon_core.package_identification:_identify(.) by extension 'cmake'
[0.149s] Level 1:colcon.colcon_core.package_identification:_identify(.) by extension 'python'
[0.149s] Level 1:colcon.colcon_core.package_identification:_identify(.) by extensions ['python_setup_py']
[0.149s] Level 1:colcon.colcon_core.package_identification:_identify(.) by extension 'python_setup_py'
[0.149s] Level 1:colcon.colcon_core.package_identification:_identify(build) by extensions ['ignore', 'ignore_ament_install']
[0.149s] Level 1:colcon.colcon_core.package_identification:_identify(build) by extension 'ignore'
[0.149s] Level 1:colcon.colcon_core.package_identification:_identify(build) ignored
[0.150s] Level 1:colcon.colcon_core.package_identification:_identify(install) by extensions ['ignore', 'ignore_ament_install']
[0.150s] Level 1:colcon.colcon_core.package_identification:_identify(install) by extension 'ignore'
[0.150s] Level 1:colcon.colcon_core.package_identification:_identify(install) ignored
[0.150s] Level 1:colcon.colcon_core.package_identification:_identify(log) by extensions ['ignore', 'ignore_ament_install']
[0.150s] Level 1:colcon.colcon_core.package_identification:_identify(log) by extension 'ignore'
[0.150s] Level 1:colcon.colcon_core.package_identification:_identify(log) ignored
[0.150s] Level 1:colcon.colcon_core.package_identification:_identify(src) by extensions ['ignore', 'ignore_ament_install']
[0.150s] Level 1:colcon.colcon_core.package_identification:_identify(src) by extension 'ignore'
[0.150s] Level 1:colcon.colcon_core.package_identification:_identify(src) by extension 'ignore_ament_install'
[0.150s] Level 1:colcon.colcon_core.package_identification:_identify(src) by extensions ['colcon_pkg']
[0.150s] Level 1:colcon.colcon_core.package_identification:_identify(src) by extension 'colcon_pkg'
[0.150s] Level 1:colcon.colcon_core.package_identification:_identify(src) by extensions ['colcon_meta']
[0.150s] Level 1:colcon.colcon_core.package_identification:_identify(src) by extension 'colcon_meta'
[0.150s] Level 1:colcon.colcon_core.package_identification:_identify(src) by extensions ['ros']
[0.150s] Level 1:colcon.colcon_core.package_identification:_identify(src) by extension 'ros'
[0.150s] Level 1:colcon.colcon_core.package_identification:_identify(src) by extensions ['cmake', 'python']
[0.150s] Level 1:colcon.colcon_core.package_identification:_identify(src) by extension 'cmake'
[0.150s] Level 1:colcon.colcon_core.package_identification:_identify(src) by extension 'python'
[0.150s] Level 1:colcon.colcon_core.package_identification:_identify(src) by extensions ['python_setup_py']
[0.150s] Level 1:colcon.colcon_core.package_identification:_identify(src) by extension 'python_setup_py'
[0.150s] Level 1:colcon.colcon_core.package_identification:_identify(src/example_cpp) by extensions ['ignore', 'ignore_ament_install']
[0.150s] Level 1:colcon.colcon_core.package_identification:_identify(src/example_cpp) by extension 'ignore'
[0.150s] Level 1:colcon.colcon_core.package_identification:_identify(src/example_cpp) by extension 'ignore_ament_install'
[0.150s] Level 1:colcon.colcon_core.package_identification:_identify(src/example_cpp) by extensions ['colcon_pkg']
[0.150s] Level 1:colcon.colcon_core.package_identification:_identify(src/example_cpp) by extension 'colcon_pkg'
[0.150s] Level 1:colcon.colcon_core.package_identification:_identify(src/example_cpp) by extensions ['colcon_meta']
[0.150s] Level 1:colcon.colcon_core.package_identification:_identify(src/example_cpp) by extension 'colcon_meta'
[0.150s] Level 1:colcon.colcon_core.package_identification:_identify(src/example_cpp) by extensions ['ros']
[0.150s] Level 1:colcon.colcon_core.package_identification:_identify(src/example_cpp) by extension 'ros'
[0.151s] DEBUG:colcon.colcon_core.package_identification:Package 'src/example_cpp' with type 'ros.ament_cmake' and name 'example_cpp'
[0.151s] Level 1:colcon.colcon_core.package_discovery:discover_packages(recursive) using defaults
[0.151s] Level 1:colcon.colcon_core.package_discovery:discover_packages(ignore) discover
[0.151s] Level 1:colcon.colcon_core.package_discovery:discover_packages(ignore) using defaults
[0.151s] Level 1:colcon.colcon_core.package_discovery:discover_packages(path) discover
[0.151s] Level 1:colcon.colcon_core.package_discovery:discover_packages(path) using defaults
[0.162s] Level 1:colcon.colcon_core.package_discovery:discover_packages(prefix_path) check parameters
[0.162s] Level 1:colcon.colcon_core.package_discovery:discover_packages(prefix_path) discover
[0.163s] DEBUG:colcon.colcon_installed_package_information.package_discovery:Found 270 installed packages in /opt/ros/humble
[0.173s] Level 1:colcon.colcon_core.package_discovery:discover_packages(prefix_path) using defaults
[0.194s] Level 5:colcon.colcon_core.verb:set package 'example_cpp' build argument 'cmake_args' from command line to 'None'
[0.195s] Level 5:colcon.colcon_core.verb:set package 'example_cpp' build argument 'cmake_target' from command line to 'None'
[0.195s] Level 5:colcon.colcon_core.verb:set package 'example_cpp' build argument 'cmake_target_skip_unavailable' from command line to 'False'
[0.195s] Level 5:colcon.colcon_core.verb:set package 'example_cpp' build argument 'cmake_clean_cache' from command line to 'False'
[0.195s] Level 5:colcon.colcon_core.verb:set package 'example_cpp' build argument 'cmake_clean_first' from command line to 'False'
[0.195s] Level 5:colcon.colcon_core.verb:set package 'example_cpp' build argument 'cmake_force_configure' from command line to 'False'
[0.195s] Level 5:colcon.colcon_core.verb:set package 'example_cpp' build argument 'ament_cmake_args' from command line to 'None'
[0.195s] Level 5:colcon.colcon_core.verb:set package 'example_cpp' build argument 'catkin_cmake_args' from command line to 'None'
[0.195s] Level 5:colcon.colcon_core.verb:set package 'example_cpp' build argument 'catkin_skip_building_tests' from command line to 'False'
[0.195s] DEBUG:colcon.colcon_core.verb:Building package 'example_cpp' with the following arguments: {'ament_cmake_args': None, 'build_base': '/home/wu/prac_ws/build/example_cpp', 'catkin_cmake_args': None, 'catkin_skip_building_tests': False, 'cmake_args': None, 'cmake_clean_cache': False, 'cmake_clean_first': False, 'cmake_force_configure': False, 'cmake_target': None, 'cmake_target_skip_unavailable': False, 'install_base': '/home/wu/prac_ws/install/example_cpp', 'merge_install': False, 'path': '/home/wu/prac_ws/src/example_cpp', 'symlink_install': False, 'test_result_base': None}
[0.195s] INFO:colcon.colcon_core.executor:Executing jobs using 'parallel' executor
[0.196s] DEBUG:colcon.colcon_parallel_executor.executor.parallel:run_until_complete
[0.196s] INFO:colcon.colcon_ros.task.ament_cmake.build:Building ROS package in '/home/wu/prac_ws/src/example_cpp' with build type 'ament_cmake'
[0.196s] INFO:colcon.colcon_cmake.task.cmake.build:Building CMake package in '/home/wu/prac_ws/src/example_cpp'
[0.197s] INFO:colcon.colcon_core.plugin_system:Skipping extension 'colcon_core.shell.bat': Not used on non-Windows systems
[0.198s] INFO:colcon.colcon_core.shell:Skip shell extension 'powershell' for command environment: Not usable outside of PowerShell
[0.198s] DEBUG:colcon.colcon_core.shell:Skip shell extension 'dsv' for command environment
[0.204s] DEBUG:colcon.colcon_core.event_handler.log_command:Invoking command in '/home/wu/prac_ws/build/example_cpp': CMAKE_PREFIX_PATH=/opt/ros/humble /usr/bin/cmake /home/wu/prac_ws/src/example_cpp -DCMAKE_INSTALL_PREFIX=/home/wu/prac_ws/install/example_cpp
[1.153s] DEBUG:colcon.colcon_core.event_handler.log_command:Invoked command in '/home/wu/prac_ws/build/example_cpp' returned '0': CMAKE_PREFIX_PATH=/opt/ros/humble /usr/bin/cmake /home/wu/prac_ws/src/example_cpp -DCMAKE_INSTALL_PREFIX=/home/wu/prac_ws/install/example_cpp
[1.155s] DEBUG:colcon.colcon_core.event_handler.log_command:Invoking command in '/home/wu/prac_ws/build/example_cpp': CMAKE_PREFIX_PATH=/opt/ros/humble /usr/bin/cmake --build /home/wu/prac_ws/build/example_cpp -- -j16 -l16
[3.318s] DEBUG:colcon.colcon_core.event_handler.log_command:Invoked command in '/home/wu/prac_ws/build/example_cpp' returned '0': CMAKE_PREFIX_PATH=/opt/ros/humble /usr/bin/cmake --build /home/wu/prac_ws/build/example_cpp -- -j16 -l16
[3.355s] DEBUG:colcon.colcon_core.event_handler.log_command:Invoking command in '/home/wu/prac_ws/build/example_cpp': CMAKE_PREFIX_PATH=/opt/ros/humble /usr/bin/cmake --install /home/wu/prac_ws/build/example_cpp
[3.364s] Level 1:colcon.colcon_core.environment:create_environment_scripts_only(example_cpp)
[3.365s] DEBUG:colcon.colcon_core.event_handler.log_command:Invoked command in '/home/wu/prac_ws/build/example_cpp' returned '0': CMAKE_PREFIX_PATH=/opt/ros/humble /usr/bin/cmake --install /home/wu/prac_ws/build/example_cpp
[3.366s] Level 1:colcon.colcon_core.environment:checking '/home/wu/prac_ws/install/example_cpp' for CMake module files
[3.366s] Level 1:colcon.colcon_core.environment:checking '/home/wu/prac_ws/install/example_cpp' for CMake config files
[3.367s] Level 1:colcon.colcon_core.shell:create_environment_hook('example_cpp', 'cmake_prefix_path')
[3.367s] INFO:colcon.colcon_core.shell:Creating environment hook '/home/wu/prac_ws/install/example_cpp/share/example_cpp/hook/cmake_prefix_path.ps1'
[3.367s] INFO:colcon.colcon_core.shell:Creating environment descriptor '/home/wu/prac_ws/install/example_cpp/share/example_cpp/hook/cmake_prefix_path.dsv'
[3.367s] INFO:colcon.colcon_core.shell:Creating environment hook '/home/wu/prac_ws/install/example_cpp/share/example_cpp/hook/cmake_prefix_path.sh'
[3.368s] Level 1:colcon.colcon_core.environment:checking '/home/wu/prac_ws/install/example_cpp/lib'
[3.368s] Level 1:colcon.colcon_core.environment:checking '/home/wu/prac_ws/install/example_cpp/bin'
[3.368s] Level 1:colcon.colcon_core.environment:checking '/home/wu/prac_ws/install/example_cpp/lib/pkgconfig/example_cpp.pc'
[3.368s] Level 1:colcon.colcon_core.environment:checking '/home/wu/prac_ws/install/example_cpp/lib/python3.10/site-packages'
[3.368s] Level 1:colcon.colcon_core.environment:checking '/home/wu/prac_ws/install/example_cpp/bin'
[3.368s] INFO:colcon.colcon_core.shell:Creating package script '/home/wu/prac_ws/install/example_cpp/share/example_cpp/package.ps1'
[3.368s] INFO:colcon.colcon_core.shell:Creating package descriptor '/home/wu/prac_ws/install/example_cpp/share/example_cpp/package.dsv'
[3.369s] INFO:colcon.colcon_core.shell:Creating package script '/home/wu/prac_ws/install/example_cpp/share/example_cpp/package.sh'
[3.369s] INFO:colcon.colcon_core.shell:Creating package script '/home/wu/prac_ws/install/example_cpp/share/example_cpp/package.bash'
[3.369s] INFO:colcon.colcon_core.shell:Creating package script '/home/wu/prac_ws/install/example_cpp/share/example_cpp/package.zsh'
[3.370s] Level 1:colcon.colcon_core.environment:create_file_with_runtime_dependencies(/home/wu/prac_ws/install/example_cpp/share/colcon-core/packages/example_cpp)
[3.394s] Level 1:colcon.colcon_core.environment:create_environment_scripts_only(example_cpp)
[3.395s] Level 1:colcon.colcon_core.environment:checking '/home/wu/prac_ws/install/example_cpp' for CMake module files
[3.395s] Level 1:colcon.colcon_core.environment:checking '/home/wu/prac_ws/install/example_cpp' for CMake config files
[3.395s] Level 1:colcon.colcon_core.shell:create_environment_hook('example_cpp', 'cmake_prefix_path')
[3.395s] INFO:colcon.colcon_core.shell:Creating environment hook '/home/wu/prac_ws/install/example_cpp/share/example_cpp/hook/cmake_prefix_path.ps1'
[3.395s] INFO:colcon.colcon_core.shell:Creating environment descriptor '/home/wu/prac_ws/install/example_cpp/share/example_cpp/hook/cmake_prefix_path.dsv'
[3.396s] INFO:colcon.colcon_core.shell:Creating environment hook '/home/wu/prac_ws/install/example_cpp/share/example_cpp/hook/cmake_prefix_path.sh'
[3.396s] Level 1:colcon.colcon_core.environment:checking '/home/wu/prac_ws/install/example_cpp/lib'
[3.396s] Level 1:colcon.colcon_core.environment:checking '/home/wu/prac_ws/install/example_cpp/bin'
[3.396s] Level 1:colcon.colcon_core.environment:checking '/home/wu/prac_ws/install/example_cpp/lib/pkgconfig/example_cpp.pc'
[3.396s] Level 1:colcon.colcon_core.environment:checking '/home/wu/prac_ws/install/example_cpp/lib/python3.10/site-packages'
[3.396s] Level 1:colcon.colcon_core.environment:checking '/home/wu/prac_ws/install/example_cpp/bin'
[3.396s] INFO:colcon.colcon_core.shell:Creating package script '/home/wu/prac_ws/install/example_cpp/share/example_cpp/package.ps1'
[3.397s] INFO:colcon.colcon_core.shell:Creating package descriptor '/home/wu/prac_ws/install/example_cpp/share/example_cpp/package.dsv'
[3.397s] INFO:colcon.colcon_core.shell:Creating package script '/home/wu/prac_ws/install/example_cpp/share/example_cpp/package.sh'
[3.397s] INFO:colcon.colcon_core.shell:Creating package script '/home/wu/prac_ws/install/example_cpp/share/example_cpp/package.bash'
[3.397s] INFO:colcon.colcon_core.shell:Creating package script '/home/wu/prac_ws/install/example_cpp/share/example_cpp/package.zsh'
[3.397s] Level 1:colcon.colcon_core.environment:create_file_with_runtime_dependencies(/home/wu/prac_ws/install/example_cpp/share/colcon-core/packages/example_cpp)
[3.398s] DEBUG:colcon.colcon_parallel_executor.executor.parallel:closing loop
[3.398s] DEBUG:colcon.colcon_parallel_executor.executor.parallel:loop closed
[3.398s] DEBUG:colcon.colcon_parallel_executor.executor.parallel:run_until_complete finished with '0'
[3.398s] DEBUG:colcon.colcon_core.event_reactor:joining thread
[3.402s] INFO:colcon.colcon_core.plugin_system:Skipping extension 'colcon_notification.desktop_notification.terminal_notifier': Not used on non-Darwin systems
[3.402s] INFO:colcon.colcon_core.plugin_system:Skipping extension 'colcon_notification.desktop_notification.win32': Not used on non-Windows systems
[3.402s] INFO:colcon.colcon_notification.desktop_notification:Sending desktop notification using 'notify2'
[3.411s] DEBUG:colcon.colcon_core.event_reactor:joined thread
[3.411s] INFO:colcon.colcon_core.shell:Creating prefix script '/home/wu/prac_ws/install/local_setup.ps1'
[3.412s] INFO:colcon.colcon_core.shell:Creating prefix util module '/home/wu/prac_ws/install/_local_setup_util_ps1.py'
[3.413s] INFO:colcon.colcon_core.shell:Creating prefix chain script '/home/wu/prac_ws/install/setup.ps1'
[3.413s] INFO:colcon.colcon_core.shell:Creating prefix script '/home/wu/prac_ws/install/local_setup.sh'
[3.413s] INFO:colcon.colcon_core.shell:Creating prefix util module '/home/wu/prac_ws/install/_local_setup_util_sh.py'
[3.414s] INFO:colcon.colcon_core.shell:Creating prefix chain script '/home/wu/prac_ws/install/setup.sh'
[3.414s] INFO:colcon.colcon_core.shell:Creating prefix script '/home/wu/prac_ws/install/local_setup.bash'
[3.414s] INFO:colcon.colcon_core.shell:Creating prefix chain script '/home/wu/prac_ws/install/setup.bash'
[3.415s] INFO:colcon.colcon_core.shell:Creating prefix script '/home/wu/prac_ws/install/local_setup.zsh'
[3.415s] INFO:colcon.colcon_core.shell:Creating prefix chain script '/home/wu/prac_ws/install/setup.zsh'
