[33mCMake Warning (dev) at CMakeLists.txt:40 (add_executable):
  Policy CMP0115 is not set: Source file extensions must be explicit.  Run
  "cmake --help-policy CMP0115" for policy details.  Use the cmake_policy
  command to set the policy and suppress this warning.

  File:

    /home/wu/prac_ws/src/example_cpp/src/topic_publisher_01.cpp
This warning is for project developers.  Use -Wno-dev to suppress it.
[0m
[01m[K/home/wu/prac_ws/src/example_cpp/src/topic_publisher_01.cpp:[m[K In function ‘[01m[Kint main(int, char**)[m[K’:
[01m[K/home/wu/prac_ws/src/example_cpp/src/topic_publisher_01.cpp:20:12:[m[K [01;31m[Kerror: [m[K‘[01m[Kshutdown[m[K’ was not declared in this scope; did you mean ‘[01m[Krclcpp::shutdown[m[K’?
   20 |     rclcpp:[01;31m[Kshutdown[m[K();
      |            [01;31m[K^~~~~~~~[m[K
      |            [32m[Krclcpp::shutdown[m[K
In file included from [01m[K/opt/ros/humble/include/rclcpp/rclcpp/logging.hpp:25[m[K,
                 from [01m[K/opt/ros/humble/include/rclcpp/rclcpp/client.hpp:40[m[K,
                 from [01m[K/opt/ros/humble/include/rclcpp/rclcpp/callback_group.hpp:24[m[K,
                 from [01m[K/opt/ros/humble/include/rclcpp/rclcpp/any_executable.hpp:20[m[K,
                 from [01m[K/opt/ros/humble/include/rclcpp/rclcpp/memory_strategy.hpp:25[m[K,
                 from [01m[K/opt/ros/humble/include/rclcpp/rclcpp/memory_strategies.hpp:18[m[K,
                 from [01m[K/opt/ros/humble/include/rclcpp/rclcpp/executor_options.hpp:20[m[K,
                 from [01m[K/opt/ros/humble/include/rclcpp/rclcpp/executor.hpp:37[m[K,
                 from [01m[K/opt/ros/humble/include/rclcpp/rclcpp/executors/multi_threaded_executor.hpp:25[m[K,
                 from [01m[K/opt/ros/humble/include/rclcpp/rclcpp/executors.hpp:21[m[K,
                 from [01m[K/opt/ros/humble/include/rclcpp/rclcpp/rclcpp.hpp:155[m[K,
                 from [01m[K/home/wu/prac_ws/src/example_cpp/src/topic_publisher_01.cpp:1[m[K:
[01m[K/opt/ros/humble/include/rclcpp/rclcpp/utilities.hpp:194:1:[m[K [01;36m[Knote: [m[K‘[01m[Krclcpp::shutdown[m[K’ declared here
  194 | [01;36m[Kshutdown[m[K(
      | [01;36m[K^~~~~~~~[m[K
[01m[K/home/wu/prac_ws/src/example_cpp/src/topic_publisher_01.cpp:21:5:[m[K [01;31m[Kerror: [m[K‘[01m[Kreturn0[m[K’ was not declared in this scope
   21 |     [01;31m[Kreturn0[m[K;
      |     [01;31m[K^~~~~~~[m[K
[01m[K/home/wu/prac_ws/src/example_cpp/src/topic_publisher_01.cpp:20:5:[m[K [01;35m[Kwarning: [m[Klabel ‘[01m[Krclcpp[m[K’ defined but not used [[01;35m[K]8;;https://gcc.gnu.org/onlinedocs/gcc/Warning-Options.html#index-Wunused-label-Wunused-label]8;;[m[K]
   20 |     [01;35m[Krclcpp[m[K:shutdown();
      |     [01;35m[K^~~~~~[m[K
gmake[2]: *** [CMakeFiles/topic_publisher_01.dir/build.make:76: CMakeFiles/topic_publisher_01.dir/src/topic_publisher_01.cpp.o] Error 1
gmake[1]: *** [CMakeFiles/Makefile2:193: CMakeFiles/topic_publisher_01.dir/all] Error 2
gmake: *** [Makefile:146: all] Error 2
